<?xml version="1.0" encoding="UTF-8"?>
<testsuite xmlns:xsi="http://www.w3.org/2001/XMLSchema-instance" xsi:noNamespaceSchemaLocation="https://maven.apache.org/surefire/maven-surefire-plugin/xsd/surefire-test-report-3.0.xsd" version="3.0" name="UserServiceTest" time="2.175" tests="7" errors="0" skipped="0" failures="0">
  <properties>
[...]
</properties>
  <testcase name="testVoidMethod_Stubbing" classname="UserServiceTest" time="1.996">
    <system-out><![CDATA[Void method test passed
]]></system-out>
    <system-err><![CDATA[WARNING: A Java agent has been loaded dynamically (C:\Users\KIIT0001\.m2\repository\net\bytebuddy\byte-buddy-agent\1.14.6\byte-buddy-agent-1.14.6.jar)
WARNING: If a serviceability tool is in use, please run with -XX:+EnableDynamicAgentLoading to hide this warning
WARNING: If a serviceability tool is not in use, please run with -Djdk.instrument.traceUsage for more information
WARNING: Dynamic loading of agents will be disallowed by default in a future release
]]></system-err>
  </testcase>
  <testcase name="testGetUser_ReturnsNull_WhenNotFound" classname="UserServiceTest" time="0.009">
    <system-out><![CDATA[Null stubbing test passed
]]></system-out>
  </testcase>
  <testcase name="testGetUser_Stubbing" classname="UserServiceTest" time="0.007">
    <system-out><![CDATA[Stubbing test passed: Suyash
]]></system-out>
  </testcase>
  <testcase name="testCreateUser_EmptyName_NeverCallsRepo" classname="UserServiceTest" time="0.023">
    <system-out><![CDATA[Never called test passed
]]></system-out>
  </testcase>
  <testcase name="testCreateUser_VerifyInteraction" classname="UserServiceTest" time="0.008">
    <system-out><![CDATA[Verify saveUser test passed
]]></system-out>
  </testcase>
  <testcase name="testCreateUser_Stubbing" classname="UserServiceTest" time="0.009">
    <system-out><![CDATA[Create user test passed: true
]]></system-out>
  </testcase>
  <testcase name="testGetUser_VerifyInteraction" classname="UserServiceTest" time="0.011">
    <system-out><![CDATA[Verify interaction test passed
]]></system-out>
  </testcase>
</testsuite>